Removed Pin From Net: NetName=IN1 Pin=IC1-20
Removed Pin From Net: NetName=IN1 Pin=JP5-7
Added Component: Designator=H3(XH2.54M-4)
Add component (AddParameter): Name = "Chung_Loai"; Value = "C?m"; VariantName = "[No Variations]"
Add component (AddParameter): Name = "Don_Vi"; Value = "Con"; VariantName = "[No Variations]"
Add component (AddParameter): Name = "Ghi_Chu"; Value = ""; VariantName = "[No Variations]"
Add component (AddParameter): Name = "Kieu_Chan"; Value = ""; VariantName = "[No Variations]"
Add component (AddParameter): Name = "Ma_Hang"; Value = "MH001285"; VariantName = "[No Variations]"
Add component (AddParameter): Name = "Ten_Linh_Kien"; Value = "Header 4P XH2.54-4P Ð?c Th?ng"; VariantName = "[No Variations]"
Added Pin To Net: NetName=+5 Pin=H3-3
Added Pin To Net: NetName=GND Pin=H3-4
Added Pin To Net: NetName=IN1 Pin=IC1-1
Added Pin To Net: NetName=IN1 Pin=JP2-1
Added Pin To Net: NetName=IN2 Pin=IC1-2
Added Pin To Net: NetName=IN2 Pin=JP2-2
Added Pin To Net: NetName=IN2 Pin=JP7-3
Added Net: Name=IN2
Added Pin To Net: NetName=IN3 Pin=H3-1
Added Pin To Net: NetName=IN3 Pin=IC1-3
Added Pin To Net: NetName=IN3 Pin=JP2-3
Added Net: Name=IN3
Added Pin To Net: NetName=IN4 Pin=H3-2
Added Pin To Net: NetName=IN4 Pin=IC1-4
Added Pin To Net: NetName=IN4 Pin=JP2-4
Added Net: Name=IN4
Added Pin To Net: NetName=PD6 Pin=IC1-20
Added Pin To Net: NetName=PD6 Pin=JP5-7
Added Net: Name=PD6
Added Member To Class: ClassName=SCH12 Member=Component H3 Header 4P 2.54 Duc Thang
